# JRE version: Java(TM) SE Runtime Environment (8.0_20-b26) (build 1.8.0_20-b26)
# Java VM: Java HotSpot(TM) 64-Bit Server VM (25.20-b23 mixed mode windows-amd64 compressed oops)
Heap:
 PSYoungGen      total 44544K, used 9263K [0x00000000d5c00000, 0x00000000d8d80000, 0x0000000100000000)
  eden space 39424K, 10% used [0x00000000d5c00000,0x00000000d600ebe0,0x00000000d8280000)
  from space 5120K, 99% used [0x00000000d8880000,0x00000000d8d7d118,0x00000000d8d80000)
  to   space 5120K, 0% used [0x00000000d8380000,0x00000000d8380000,0x00000000d8880000)
 ParOldGen       total 68608K, used 14134K [0x0000000081400000, 0x0000000085700000, 0x00000000d5c00000)
  object space 68608K, 20% used [0x0000000081400000,0x00000000821cd838,0x0000000085700000)
 Metaspace       used 30534K, capacity 32122K, committed 32384K, reserved 1077248K
  class space    used 4099K, capacity 4368K, committed 4480K, reserved 1048576K
GC Heap History (10 events):
Event: 1.338 GC heap before
{Heap before GC invocations=1 (full 0):
 PSYoungGen      total 38400K, used 33280K [0x00000000d5c00000, 0x00000000d8680000, 0x0000000100000000)
  eden space 33280K, 100% used [0x00000000d5c00000,0x00000000d7c80000,0x00000000d7c80000)
  from space 5120K, 0% used [0x00000000d8180000,0x00000000d8180000,0x00000000d8680000)
  to   space 5120K, 0% used [0x00000000d7c80000,0x00000000d7c80000,0x00000000d8180000)
 ParOldGen       total 87552K, used 0K [0x0000000081400000, 0x0000000086980000, 0x00000000d5c00000)
  object space 87552K, 0% used [0x0000000081400000,0x0000000081400000,0x0000000086980000)
 Metaspace       used 13500K, capacity 13848K, committed 14080K, reserved 1060864K
  class space    used 1660K, capacity 1744K, committed 1792K, reserved 1048576K
Event: 1.347 GC heap after
Heap after GC invocations=1 (full 0):
 PSYoungGen      total 38400K, used 5100K [0x00000000d5c00000, 0x00000000d8680000, 0x0000000100000000)
  eden space 33280K, 0% used [0x00000000d5c00000,0x00000000d5c00000,0x00000000d7c80000)
  from space 5120K, 99% used [0x00000000d7c80000,0x00000000d817b128,0x00000000d8180000)
  to   space 5120K, 0% used [0x00000000d8180000,0x00000000d8180000,0x00000000d8680000)
 ParOldGen       total 87552K, used 424K [0x0000000081400000, 0x0000000086980000, 0x00000000d5c00000)
  object space 87552K, 0% used [0x0000000081400000,0x000000008146a3e8,0x0000000086980000)
 Metaspace       used 13500K, capacity 13848K, committed 14080K, reserved 1060864K
  class space    used 1660K, capacity 1744K, committed 1792K, reserved 1048576K
}
Event: 2.187 GC heap before
{Heap before GC invocations=2 (full 0):
 PSYoungGen      total 38400K, used 38380K [0x00000000d5c00000, 0x00000000d8680000, 0x0000000100000000)
  eden space 33280K, 100% used [0x00000000d5c00000,0x00000000d7c80000,0x00000000d7c80000)
  from space 5120K, 99% used [0x00000000d7c80000,0x00000000d817b128,0x00000000d8180000)
  to   space 5120K, 0% used [0x00000000d8180000,0x00000000d8180000,0x00000000d8680000)
 ParOldGen       total 87552K, used 424K [0x0000000081400000, 0x0000000086980000, 0x00000000d5c00000)
  object space 87552K, 0% used [0x0000000081400000,0x000000008146a3e8,0x0000000086980000)
 Metaspace       used 20448K, capacity 21292K, committed 21296K, reserved 1067008K
  class space    used 2911K, capacity 3069K, committed 3072K, reserved 1048576K
Event: 2.200 GC heap after
Heap after GC invocations=2 (full 0):
 PSYoungGen      total 38400K, used 5088K [0x00000000d5c00000, 0x00000000da700000, 0x0000000100000000)
  eden space 33280K, 0% used [0x00000000d5c00000,0x00000000d5c00000,0x00000000d7c80000)
  from space 5120K, 99% used [0x00000000d8180000,0x00000000d8678040,0x00000000d8680000)
  to   space 5120K, 0% used [0x00000000d7c80000,0x00000000d7c80000,0x00000000d8180000)
 ParOldGen       total 87552K, used 3248K [0x0000000081400000, 0x0000000086980000, 0x00000000d5c00000)
  object space 87552K, 3% used [0x0000000081400000,0x000000008172c3a8,0x0000000086980000)
 Metaspace       used 20448K, capacity 21292K, committed 21296K, reserved 1067008K
  class space    used 2911K, capacity 3069K, committed 3072K, reserved 1048576K
}
Event: 2.200 GC heap before
{Heap before GC invocations=3 (full 1):
 PSYoungGen      total 38400K, used 5088K [0x00000000d5c00000, 0x00000000da700000, 0x0000000100000000)
  eden space 33280K, 0% used [0x00000000d5c00000,0x00000000d5c00000,0x00000000d7c80000)
  from space 5120K, 99% used [0x00000000d8180000,0x00000000d8678040,0x00000000d8680000)
  to   space 5120K, 0% used [0x00000000d7c80000,0x00000000d7c80000,0x00000000d8180000)
 ParOldGen       total 87552K, used 3248K [0x0000000081400000, 0x0000000086980000, 0x00000000d5c00000)
  object space 87552K, 3% used [0x0000000081400000,0x000000008172c3a8,0x0000000086980000)
 Metaspace       used 20448K, capacity 21292K, committed 21296K, reserved 1067008K
  class space    used 2911K, capacity 3069K, committed 3072K, reserved 1048576K
Event: 2.257 GC heap after
Heap after GC invocations=3 (full 1):
 PSYoungGen      total 38400K, used 0K [0x00000000d5c00000, 0x00000000da700000, 0x0000000100000000)
  eden space 33280K, 0% used [0x00000000d5c00000,0x00000000d5c00000,0x00000000d7c80000)
  from space 5120K, 0% used [0x00000000d8180000,0x00000000d8180000,0x00000000d8680000)
  to   space 5120K, 0% used [0x00000000d7c80000,0x00000000d7c80000,0x00000000d8180000)
 ParOldGen       total 68608K, used 7777K [0x0000000081400000, 0x0000000085700000, 0x00000000d5c00000)
  object space 68608K, 11% used [0x0000000081400000,0x0000000081b98740,0x0000000085700000)
 Metaspace       used 20446K, capacity 21290K, committed 21296K, reserved 1067008K
  class space    used 2911K, capacity 3068K, committed 3072K, reserved 1048576K
}
Event: 51.762 GC heap before
{Heap before GC invocations=4 (full 1):
 PSYoungGen      total 38400K, used 33280K [0x00000000d5c00000, 0x00000000da700000, 0x0000000100000000)
  eden space 33280K, 100% used [0x00000000d5c00000,0x00000000d7c80000,0x00000000d7c80000)
  from space 5120K, 0% used [0x00000000d8180000,0x00000000d8180000,0x00000000d8680000)
  to   space 5120K, 0% used [0x00000000d7c80000,0x00000000d7c80000,0x00000000d8180000)
 ParOldGen       total 68608K, used 7777K [0x0000000081400000, 0x0000000085700000, 0x00000000d5c00000)
  object space 68608K, 11% used [0x0000000081400000,0x0000000081b98740,0x0000000085700000)
 Metaspace       used 26357K, capacity 27812K, committed 28032K, reserved 1073152K
  class space    used 3711K, capacity 3947K, committed 3968K, reserved 1048576K
Event: 51.774 GC heap after
Heap after GC invocations=4 (full 1):
 PSYoungGen      total 38400K, used 5116K [0x00000000d5c00000, 0x00000000d8d80000, 0x0000000100000000)
  eden space 33280K, 0% used [0x00000000d5c00000,0x00000000d5c00000,0x00000000d7c80000)
  from space 5120K, 99% used [0x00000000d7c80000,0x00000000d817f058,0x00000000d8180000)
  to   space 5120K, 0% used [0x00000000d8880000,0x00000000d8880000,0x00000000d8d80000)
 ParOldGen       total 68608K, used 9796K [0x0000000081400000, 0x0000000085700000, 0x00000000d5c00000)
  object space 68608K, 14% used [0x0000000081400000,0x0000000081d91068,0x0000000085700000)
 Metaspace       used 26357K, capacity 27812K, committed 28032K, reserved 1073152K
  class space    used 3711K, capacity 3947K, committed 3968K, reserved 1048576K
}
Event: 75.526 GC heap before
{Heap before GC invocations=5 (full 1):
 PSYoungGen      total 38400K, used 38396K [0x00000000d5c00000, 0x00000000d8d80000, 0x0000000100000000)
  eden space 33280K, 100% used [0x00000000d5c00000,0x00000000d7c80000,0x00000000d7c80000)
  from space 5120K, 99% used [0x00000000d7c80000,0x00000000d817f058,0x00000000d8180000)
  to   space 5120K, 0% used [0x00000000d8880000,0x00000000d8880000,0x00000000d8d80000)
 ParOldGen       total 68608K, used 9796K [0x0000000081400000, 0x0000000085700000, 0x00000000d5c00000)
  object space 68608K, 14% used [0x0000000081400000,0x0000000081d91068,0x0000000085700000)
 Metaspace       used 30515K, capacity 32050K, committed 32384K, reserved 1077248K
  class space    used 4099K, capacity 4368K, committed 4480K, reserved 1048576K
Event: 75.539 GC heap after
Heap after GC invocations=5 (full 1):
 PSYoungGen      total 44544K, used 5108K [0x00000000d5c00000, 0x00000000d8d80000, 0x0000000100000000)
  eden space 39424K, 0% used [0x00000000d5c00000,0x00000000d5c00000,0x00000000d8280000)
  from space 5120K, 99% used [0x00000000d8880000,0x00000000d8d7d118,0x00000000d8d80000)
  to   space 5120K, 0% used [0x00000000d8380000,0x00000000d8380000,0x00000000d8880000)
 ParOldGen       total 68608K, used 14134K [0x0000000081400000, 0x0000000085700000, 0x00000000d5c00000)
  object space 68608K, 20% used [0x0000000081400000,0x00000000821cd838,0x0000000085700000)
 Metaspace       used 30515K, capacity 32050K, committed 32384K, reserved 1077248K
  class space    used 4099K, capacity 4368K, committed 4480K, reserved 1048576K
}

